<?xml version="1.0" encoding="UTF-8"?>
<!-- Generated by org.testng.reporters.JUnitXMLReporter -->
<testsuite hostname="DESKTOP-G1B43SG" ignored="0" name="Test" tests="4" failures="0" timestamp="02 Feb 2020 18:05:48 GMT" time="36.48" errors="0">
  <testcase name="LoginDDT" time="2.675" classname="inetBankingv1.testcases.Tc_LoginDDT_002"/>
  <testcase name="LoginDDT" time="2.617" classname="inetBankingv1.testcases.Tc_LoginDDT_002"/>
  <testcase name="loginTest" time="2.368" classname="inetBankingv1.testcases.TC_LoginTest_001"/>
  <testcase name="Newcustomertest" time="15.529" classname="inetBankingv1.testcases.Newcustomertestcase"/>
</testsuite> <!-- Test -->
