<?xml version="1.0" encoding="UTF-8"?>
<!-- Generated by org.testng.reporters.JUnitXMLReporter -->
<testsuite hostname="DESKTOP-G1B43SG" ignored="0" name="Test" tests="4" failures="0" timestamp="03 Feb 2020 01:16:02 GMT" time="48.741" errors="0">
  <testcase name="LoginDDT" time="5.702" classname="inetBankingv1.testcases.Tc_LoginDDT_002"/>
  <testcase name="LoginDDT" time="3.036" classname="inetBankingv1.testcases.Tc_LoginDDT_002"/>
  <testcase name="loginTest" time="4.99" classname="inetBankingv1.testcases.TC_LoginTest_001"/>
  <testcase name="Newcustomertest" time="17.606" classname="inetBankingv1.testcases.Newcustomertestcase"/>
</testsuite> <!-- Test -->
