<?xml version="1.0" encoding="UTF-8"?>
<testng-results skipped="0" failed="0" ignored="0" total="4" passed="4">
  <reporter-output>
  </reporter-output>
  <suite name="Suite" duration-ms="36480" started-at="2020-02-02T18:05:11Z" finished-at="2020-02-02T18:05:48Z">
    <groups>
    </groups>
    <test name="Test" duration-ms="36480" started-at="2020-02-02T18:05:11Z" finished-at="2020-02-02T18:05:48Z">
      <class name="inetBankingv1.testcases.Tc_LoginDDT_002">
        <test-method status="PASS" signature="setup()[pri:0, instance:inetBankingv1.testcases.Tc_LoginDDT_002@343f4d3d]" name="setup" is-config="true" duration-ms="2880" started-at="2020-02-02T18:05:12Z" finished-at="2020-02-02T18:05:15Z">
          <reporter-output>
          </reporter-output>
        </test-method> <!-- setup -->
        <test-method status="PASS" signature="LoginDDT(java.lang.String, java.lang.String)[pri:0, instance:inetBankingv1.testcases.Tc_LoginDDT_002@343f4d3d]" name="LoginDDT" duration-ms="2675" started-at="2020-02-02T18:05:15Z" data-provider="login" finished-at="2020-02-02T18:05:17Z">
          <params>
            <param index="0">
              <value>
                <![CDATA[mngr243207]]>
              </value>
            </param>
            <param index="1">
              <value>
                <![CDATA[dYhunEm]]>
              </value>
            </param>
          </params>
          <reporter-output>
          </reporter-output>
        </test-method> <!-- LoginDDT -->
        <test-method status="PASS" signature="teardown()[pri:0, instance:inetBankingv1.testcases.Tc_LoginDDT_002@343f4d3d]" name="teardown" is-config="true" duration-ms="969" started-at="2020-02-02T18:05:17Z" finished-at="2020-02-02T18:05:18Z">
          <reporter-output>
          </reporter-output>
        </test-method> <!-- teardown -->
        <test-method status="PASS" signature="setup()[pri:0, instance:inetBankingv1.testcases.Tc_LoginDDT_002@343f4d3d]" name="setup" is-config="true" duration-ms="2292" started-at="2020-02-02T18:05:18Z" finished-at="2020-02-02T18:05:21Z">
          <reporter-output>
          </reporter-output>
        </test-method> <!-- setup -->
        <test-method status="PASS" signature="LoginDDT(java.lang.String, java.lang.String)[pri:0, instance:inetBankingv1.testcases.Tc_LoginDDT_002@343f4d3d]" name="LoginDDT" duration-ms="2617" started-at="2020-02-02T18:05:21Z" data-provider="login" finished-at="2020-02-02T18:05:23Z">
          <params>
            <param index="0">
              <value>
                <![CDATA[mngr243207]]>
              </value>
            </param>
            <param index="1">
              <value>
                <![CDATA[dYhunEm]]>
              </value>
            </param>
          </params>
          <reporter-output>
          </reporter-output>
        </test-method> <!-- LoginDDT -->
        <test-method status="PASS" signature="teardown()[pri:0, instance:inetBankingv1.testcases.Tc_LoginDDT_002@343f4d3d]" name="teardown" is-config="true" duration-ms="706" started-at="2020-02-02T18:05:23Z" finished-at="2020-02-02T18:05:24Z">
          <reporter-output>
          </reporter-output>
        </test-method> <!-- teardown -->
      </class> <!-- inetBankingv1.testcases.Tc_LoginDDT_002 -->
      <class name="inetBankingv1.testcases.Newcustomertestcase">
        <test-method status="PASS" signature="setup()[pri:0, instance:inetBankingv1.testcases.Newcustomertestcase@5442a311]" name="setup" is-config="true" duration-ms="2296" started-at="2020-02-02T18:05:29Z" finished-at="2020-02-02T18:05:32Z">
          <reporter-output>
          </reporter-output>
        </test-method> <!-- setup -->
        <test-method status="PASS" signature="Newcustomertest()[pri:0, instance:inetBankingv1.testcases.Newcustomertestcase@5442a311]" name="Newcustomertest" duration-ms="15529" started-at="2020-02-02T18:05:32Z" finished-at="2020-02-02T18:05:47Z">
          <reporter-output>
          </reporter-output>
        </test-method> <!-- Newcustomertest -->
        <test-method status="PASS" signature="teardown()[pri:0, instance:inetBankingv1.testcases.Newcustomertestcase@5442a311]" name="teardown" is-config="true" duration-ms="736" started-at="2020-02-02T18:05:47Z" finished-at="2020-02-02T18:05:48Z">
          <reporter-output>
          </reporter-output>
        </test-method> <!-- teardown -->
      </class> <!-- inetBankingv1.testcases.Newcustomertestcase -->
      <class name="inetBankingv1.testcases.TC_LoginTest_001">
        <test-method status="PASS" signature="setup()[pri:0, instance:inetBankingv1.testcases.TC_LoginTest_001@53b32d7]" name="setup" is-config="true" duration-ms="2282" started-at="2020-02-02T18:05:24Z" finished-at="2020-02-02T18:05:26Z">
          <reporter-output>
          </reporter-output>
        </test-method> <!-- setup -->
        <test-method status="PASS" signature="loginTest()[pri:0, instance:inetBankingv1.testcases.TC_LoginTest_001@53b32d7]" name="loginTest" duration-ms="2368" started-at="2020-02-02T18:05:26Z" finished-at="2020-02-02T18:05:29Z">
          <reporter-output>
          </reporter-output>
        </test-method> <!-- loginTest -->
        <test-method status="PASS" signature="teardown()[pri:0, instance:inetBankingv1.testcases.TC_LoginTest_001@53b32d7]" name="teardown" is-config="true" duration-ms="730" started-at="2020-02-02T18:05:29Z" finished-at="2020-02-02T18:05:29Z">
          <reporter-output>
          </reporter-output>
        </test-method> <!-- teardown -->
      </class> <!-- inetBankingv1.testcases.TC_LoginTest_001 -->
    </test> <!-- Test -->
  </suite> <!-- Suite -->
</testng-results>
